[debug] [2023-05-10T09:56:41.281Z] ----------------------------------------------------------------------
[debug] [2023-05-10T09:56:41.287Z] Command:       C:\Program Files\nodejs\node.exe C:\Users\User\AppData\Roaming\npm\node_modules\firebase-tools\lib\bin\firebase.js emulators:start --only functions
[debug] [2023-05-10T09:56:41.289Z] CLI Version:   11.21.0
[debug] [2023-05-10T09:56:41.290Z] Platform:      win32
[debug] [2023-05-10T09:56:41.290Z] Node Version:  v16.15.0
[debug] [2023-05-10T09:56:41.298Z] Time:          Wed May 10 2023 18:56:41 GMT+0900 (대한민국 표준시)
[debug] [2023-05-10T09:56:41.299Z] ----------------------------------------------------------------------
[debug] 
[debug] [2023-05-10T09:56:41.625Z] > command requires scopes: ["email","openid","https://www.googleapis.com/auth/cloudplatformprojects.readonly","https://www.googleapis.com/auth/firebase","https://www.googleapis.com/auth/cloud-platform"]
[debug] [2023-05-10T09:56:41.627Z] > authorizing via signed-in user (dsdskm@gmail.com)
[info] i  emulators: Starting emulators: functions {"metadata":{"emulator":{"name":"hub"},"message":"Starting emulators: functions"}}
[debug] [2023-05-10T09:56:41.669Z] [logging] Logging Emulator only supports listening on one address (127.0.0.1). Not listening on ::1
[debug] [2023-05-10T09:56:41.671Z] assigned listening specs for emulators {"user":{"hub":[{"address":"127.0.0.1","family":"IPv4","port":4400},{"address":"::1","family":"IPv6","port":4400}],"ui":[{"address":"127.0.0.1","family":"IPv4","port":4000},{"address":"::1","family":"IPv6","port":4000}],"logging":[{"address":"127.0.0.1","family":"IPv4","port":4500}]},"metadata":{"message":"assigned listening specs for emulators"}}
[debug] [2023-05-10T09:56:41.699Z] [hub] writing locator at C:\Users\User\AppData\Local\Temp\hub-seoul-1a489.json
[debug] [2023-05-10T09:56:41.778Z] [functions] Functions Emulator only supports listening on one address (127.0.0.1). Not listening on ::1
[debug] [2023-05-10T09:56:41.779Z] [eventarc] Eventarc Emulator only supports listening on one address (127.0.0.1). Not listening on ::1
[debug] [2023-05-10T09:56:41.792Z] late-assigned ports for functions and eventarc emulators {"user":{"hub":[{"address":"127.0.0.1","family":"IPv4","port":4400},{"address":"::1","family":"IPv6","port":4400}],"ui":[{"address":"127.0.0.1","family":"IPv4","port":4000},{"address":"::1","family":"IPv6","port":4000}],"logging":[{"address":"127.0.0.1","family":"IPv4","port":4500}],"functions":[{"address":"127.0.0.1","family":"IPv4","port":5001}],"eventarc":[{"address":"127.0.0.1","family":"IPv4","port":9299}]},"metadata":{"message":"late-assigned ports for functions and eventarc emulators"}}
[warn] !  functions: The following emulators are not running, calls to these services from the Functions emulator will affect production: auth, firestore, database, hosting, pubsub, storage {"metadata":{"emulator":{"name":"functions"},"message":"The following emulators are not running, calls to these services from the Functions emulator will affect production: \u001b[1mauth, firestore, database, hosting, pubsub, storage\u001b[22m"}}
[info] +  functions: Using node@16 from host. {"metadata":{"emulator":{"name":"functions"},"message":"Using node@16 from host."}}
[warn] !  functions: Your GOOGLE_APPLICATION_CREDENTIALS environment variable points to D:\workspace\lge\gpt\cloi_chat_gpt_app\key\lgorder-dev-70331216fcc0.json. Non-emulated services will access production using these credentials. Be careful! {"metadata":{"emulator":{"name":"functions"},"message":"Your GOOGLE_APPLICATION_CREDENTIALS environment variable points to D:\\workspace\\lge\\gpt\\cloi_chat_gpt_app\\key\\lgorder-dev-70331216fcc0.json. Non-emulated services will access production using these credentials. Be careful!"}}
[debug] [2023-05-10T09:56:42.832Z] > refreshing access token with scopes: []
[debug] [2023-05-10T09:56:42.836Z] >>> [apiv2][query] POST https://www.googleapis.com/oauth2/v3/token [none]
[debug] [2023-05-10T09:56:42.836Z] >>> [apiv2][body] POST https://www.googleapis.com/oauth2/v3/token [omitted]
[debug] [2023-05-10T09:56:43.224Z] <<< [apiv2][status] POST https://www.googleapis.com/oauth2/v3/token 200
[debug] [2023-05-10T09:56:43.224Z] <<< [apiv2][body] POST https://www.googleapis.com/oauth2/v3/token [omitted]
[debug] [2023-05-10T09:56:43.247Z] >>> [apiv2][query] GET https://firebase.googleapis.com/v1beta1/projects/seoul-1a489/adminSdkConfig [none]
[debug] [2023-05-10T09:56:43.810Z] <<< [apiv2][status] GET https://firebase.googleapis.com/v1beta1/projects/seoul-1a489/adminSdkConfig 200
[debug] [2023-05-10T09:56:43.810Z] <<< [apiv2][body] GET https://firebase.googleapis.com/v1beta1/projects/seoul-1a489/adminSdkConfig {"projectId":"seoul-1a489","storageBucket":"seoul-1a489.appspot.com","locationId":"asia-northeast3"}
[debug] [2023-05-10T09:56:43.864Z] Ignoring unsupported arg: auto_download {"metadata":{"emulator":{"name":"ui"},"message":"Ignoring unsupported arg: auto_download"}}
[debug] [2023-05-10T09:56:43.865Z] Ignoring unsupported arg: port {"metadata":{"emulator":{"name":"ui"},"message":"Ignoring unsupported arg: port"}}
[debug] [2023-05-10T09:56:43.865Z] Starting Emulator UI with command {"binary":"node","args":["C:\\Users\\User\\.cache\\firebase\\emulators\\ui-v1.11.2\\server\\server.js"],"optionalArgs":[],"joinArgs":false} {"metadata":{"emulator":{"name":"ui"},"message":"Starting Emulator UI with command {\"binary\":\"node\",\"args\":[\"C:\\\\Users\\\\User\\\\.cache\\\\firebase\\\\emulators\\\\ui-v1.11.2\\\\server\\\\server.js\"],\"optionalArgs\":[],\"joinArgs\":false}"}}
[info] i  ui: Emulator UI logging to ui-debug.log {"metadata":{"emulator":{"name":"ui"},"message":"Emulator UI logging to \u001b[1mui-debug.log\u001b[22m"}}
[debug] [2023-05-10T09:56:45.293Z] Web / API server started at 127.0.0.1:4000
 {"metadata":{"emulator":{"name":"ui"},"message":"Web / API server started at 127.0.0.1:4000\n"}}
[debug] [2023-05-10T09:56:45.294Z] Web / API server started at ::1:4000
 {"metadata":{"emulator":{"name":"ui"},"message":"Web / API server started at ::1:4000\n"}}
[info] i  functions: Watching "D:\workspace\kkh\seoul\functions" for Cloud Functions... {"metadata":{"emulator":{"name":"functions"},"message":"Watching \"D:\\workspace\\kkh\\seoul\\functions\" for Cloud Functions..."}}
[debug] [2023-05-10T09:56:45.461Z] Validating nodejs source
[debug] [2023-05-10T09:56:48.871Z] > [functions] package.json contents: {
  "name": "functions",
  "description": "Cloud Functions for Firebase",
  "scripts": {
    "serve": "firebase emulators:start --only functions",
    "shell": "firebase functions:shell",
    "start": "npm run shell",
    "deploy": "firebase deploy --only functions",
    "logs": "firebase functions:log"
  },
  "engines": {
    "node": "16"
  },
  "main": "index.js",
  "dependencies": {
    "firebase": "^9.21.0",
    "firebase-admin": "^10.0.2",
    "firebase-functions": "^4.4.0",
    "fs": "^0.0.1-security"
  },
  "devDependencies": {
    "firebase-functions-test": "^0.2.0"
  },
  "private": true
}
[debug] [2023-05-10T09:56:48.872Z] Building nodejs source
[debug] [2023-05-10T09:56:48.876Z] Could not find functions.yaml. Must use http discovery
[error] !!  functions: Failed to load function definition from source: FetchError: request to http://localhost:9005/__/quitquitquit failed, reason: connect ECONNREFUSED 127.0.0.1:9005 {"metadata":{"emulator":{"name":"functions"},"message":"Failed to load function definition from source: FetchError: request to http://localhost:9005/__/quitquitquit failed, reason: connect ECONNREFUSED 127.0.0.1:9005"}}
[info] 
┌─────────────────────────────────────────────────────────────┐
│ ✔  All emulators ready! It is now safe to connect your app. │
│ i  View Emulator UI at http://127.0.0.1:4000/               │
└─────────────────────────────────────────────────────────────┘

┌───────────┬────────────────┬─────────────────────────────────┐
│ Emulator  │ Host:Port      │ View in Emulator UI             │
├───────────┼────────────────┼─────────────────────────────────┤
│ Functions │ 127.0.0.1:5001 │ http://127.0.0.1:4000/functions │
└───────────┴────────────────┴─────────────────────────────────┘
  Emulator Hub running at 127.0.0.1:4400
  Other reserved ports: 4500

Issues? Report them at https://github.com/firebase/firebase-tools/issues and attach the *-debug.log files.
 
[debug] [2023-05-10T09:56:50.654Z] Serving at port 9005

[debug] [2023-05-10T09:57:17.832Z] File D:\workspace\kkh\seoul\functions\index.js changed, reloading triggers {"metadata":{"emulator":{"name":"functions"},"message":"File D:\\workspace\\kkh\\seoul\\functions\\index.js changed, reloading triggers"}}
[debug] [2023-05-10T09:57:18.842Z] Validating nodejs source
[debug] [2023-05-10T09:57:23.810Z] > [functions] package.json contents: {
  "name": "functions",
  "description": "Cloud Functions for Firebase",
  "scripts": {
    "serve": "firebase emulators:start --only functions",
    "shell": "firebase functions:shell",
    "start": "npm run shell",
    "deploy": "firebase deploy --only functions",
    "logs": "firebase functions:log"
  },
  "engines": {
    "node": "16"
  },
  "main": "index.js",
  "dependencies": {
    "firebase": "^9.21.0",
    "firebase-admin": "^10.0.2",
    "firebase-functions": "^4.4.0",
    "fs": "^0.0.1-security"
  },
  "devDependencies": {
    "firebase-functions-test": "^0.2.0"
  },
  "private": true
}
[debug] [2023-05-10T09:57:23.810Z] Building nodejs source
[debug] [2023-05-10T09:57:23.818Z] Could not find functions.yaml. Must use http discovery
[debug] [2023-05-10T09:57:24.437Z] Serving at port 9006

[debug] [2023-05-10T09:57:29.542Z] [work-queue] {"queuedWork":["/seoul-1a489/us-central1/refreshPlaceList-2023-05-10T09:57:29.541Z"],"queueLength":1,"runningWork":[],"workRunningCount":0}
[debug] [2023-05-10T09:57:29.542Z] [work-queue] {"queuedWork":[],"queueLength":0,"runningWork":["/seoul-1a489/us-central1/refreshPlaceList-2023-05-10T09:57:29.541Z"],"workRunningCount":1}
[debug] [2023-05-10T09:57:29.548Z] [work-queue] {"queuedWork":[],"queueLength":0,"runningWork":[],"workRunningCount":0}
[debug] [2023-05-10T09:57:31.883Z] Got response from /__/functions.yaml {"endpoints":{"refreshPlaceList":{"platform":"gcfv1","labels":{},"availableMemoryMb":null,"timeoutSeconds":null,"minInstances":null,"maxInstances":null,"ingressSettings":null,"serviceAccountEmail":null,"vpc":null,"callableTrigger":{},"entryPoint":"refreshPlaceList"}},"specVersion":"v1alpha1","requiredAPIs":[]}
[debug] [2023-05-10T09:57:31.907Z] shutdown requested via /__/quitquitquit

[info] +  functions: Loaded functions definitions from source: refreshPlaceList. {"metadata":{"emulator":{"name":"functions"},"message":"Loaded functions definitions from source: refreshPlaceList."}}
[info] +  functions[us-central1-refreshPlaceList]: http function initialized (http://127.0.0.1:5001/seoul-1a489/us-central1/refreshPlaceList). {"metadata":{"emulator":{"name":"functions"},"message":"\u001b[1mhttp\u001b[22m function initialized (http://127.0.0.1:5001/seoul-1a489/us-central1/refreshPlaceList)."}}
